<?xml version="1.0" encoding="UTF-8"?>
<!-- Generated by org.testng.reporters.JUnitReportReporter -->
<testsuite hostname="DESKTOP-R4AJ65A" failures="0" tests="1" name="runner.TC01_LoginPage" time="27.157" errors="0" timestamp="07 Jul 2024 09:59:58 GMT" skipped="0">
  <testcase classname="runner.TC01_LoginPage" name="runScenario" time="27.157"/>
</testsuite> <!-- runner.TC01_LoginPage -->
